(window["webpackJsonp"]=window["webpackJsonp"]||[]).push([["chunk-40f04176"],{"60e3":function(e,t,n){"use strict";n.r(t);var a=function(){var e=this,t=e.$createElement,n=e._self._c||t;return n("div",[n("el-row",{attrs:{type:"flex",justify:"center"}},[n("el-col",{attrs:{span:16,offset:0}},[n("h3",[e._v("Plan(Optional)")]),n("el-input",{attrs:{rows:10,type:"textarea",placeholder:"Paste execution plan"},model:{value:e.form.plan,callback:function(t){e.$set(e.form,"plan",t)},expression:"form.plan"}}),n("h3",[e._v("Query(Optional)")]),n("el-input",{attrs:{rows:10,type:"textarea",placeholder:"Paste Sql"},model:{value:e.form.query,callback:function(t){e.$set(e.form,"query",t)},expression:"form.query"}})],1)],1),n("el-row",{attrs:{type:"flex",justify:"center"}},[n("el-col",{attrs:{span:4,offset:0}},[n("el-button",{attrs:{type:"primary",size:"default"},on:{click:e.submit}},[e._v("提交")])],1),n("el-col",{attrs:{span:4,offset:7}},[n("el-select",{attrs:{placeholder:"Sample Plans"},on:{change:e.selectPlan},model:{value:e.no,callback:function(t){e.no=t},expression:"no"}},e._l(e.options,(function(e,t){return n("el-option",{key:"select"+t,attrs:{label:e,value:t+1}})})),1)],1)],1),n("el-row",{attrs:{type:"flex",justify:"center"}},[n("div",{staticClass:"d-flex",attrs:{id:"app"}},[n("pev2",{key:e.timer,attrs:{"plan-source":e.plan,"plan-query":e.query}})],1)])],1)},o=[],l=n("b775");function r(e){return Object(l["a"])({url:"/aidb/storage/pev2",method:"get",params:e})}var s=n("7e84"),i=n.n(s),u="\n                                                           QUERY PLAN\n---------------------------------------------------------------------------------------------------------------------------------\n Nested Loop  (cost=4.33..118.25 rows=10 width=488) (actual time=0.370..1.126 rows=10 loops=1)\n   ->  Bitmap Heap Scan on tenk1 t1  (cost=4.33..39.44 rows=10 width=244) (actual time=0.254..0.380 rows=10 loops=1)\n         Recheck Cond: (unique1 < 10)\n         ->  Bitmap Index Scan on tenk1_unique1  (cost=0.00..4.33 rows=10 width=0) (actual time=0.164..0.164 rows=10 loops=1)\n               Index Cond: (unique1 < 10)\n   ->  Index Scan using tenk2_unique2 on tenk2 t2  (cost=0.00..7.87 rows=1 width=244) (actual time=0.041..0.048 rows=1 loops=10)\n         Index Cond: (unique2 = t1.unique2)\n Total runtime: 2.414 ms",p="\nSELECT *\nFROM tenk1 t1, tenk2 t2\nWHERE t1.unique1 < 10 AND t1.unique2 = t2.unique2;",c={data:function(){return{form:{plan:u,query:p},options:["Example 1 (JSON)","Example 1 (plain text)","Example 2","Example 3","Example 4","Example 5","With subplan","With CTE","Very large plan","With trigger","With trigger (plain text)","Parallel (verbose)","Parallel (4 workers)"],no:1,timer:"",plan:u,query:p}},methods:{submit:function(){this.plan=this.form.plan,this.query=this.form.query},selectPlan:function(){var e=this;r({no:this.no}).then((function(t){e.form.plan=t.data.plan,e.timer=(new Date).getTime()}))}},components:{pev2:i.a}},f=c,m=(n("a523"),n("2877")),d=Object(m["a"])(f,a,o,!1,null,"3fb7cf83",null);t["default"]=d.exports},a523:function(e,t,n){"use strict";n("cce3")},cce3:function(e,t,n){}}]);